INFO 2021-01-25 23:32:21,081 autoreload 617 Watching for file changes with StatReloader
INFO 2021-01-25 23:33:01,035 autoreload 617 Watching for file changes with StatReloader
INFO 2021-01-25 23:33:08,611 basehttp 157 "GET /admin/ HTTP/1.1" 302 0
INFO 2021-01-25 23:33:08,687 basehttp 157 "GET /admin/login/?next=/admin/ HTTP/1.1" 200 2194
INFO 2021-01-25 23:33:08,770 basehttp 157 "GET /static/admin/css/nav_sidebar.css HTTP/1.1" 200 2138
INFO 2021-01-25 23:33:08,772 basehttp 157 "GET /static/admin/css/base.css HTTP/1.1" 200 16307
INFO 2021-01-25 23:33:08,774 basehttp 157 "GET /static/admin/css/login.css HTTP/1.1" 200 1185
INFO 2021-01-25 23:33:08,775 basehttp 157 "GET /static/admin/js/nav_sidebar.js HTTP/1.1" 200 1360
INFO 2021-01-25 23:33:08,776 basehttp 157 "GET /static/admin/css/responsive.css HTTP/1.1" 200 18339
INFO 2021-01-25 23:33:17,334 basehttp 157 "GET /admin/ HTTP/1.1" 302 0
INFO 2021-01-25 23:33:17,404 basehttp 157 "GET /admin/login/?next=/admin/ HTTP/1.1" 200 2194
INFO 2021-01-25 23:33:18,750 basehttp 157 "GET / HTTP/1.1" 200 16351
INFO 2021-01-25 23:42:35,704 autoreload 240 F:\文档\code\pythonCode\hippo\hippo_api\hippo_api\settings\dev.py changed, reloading.
INFO 2021-01-25 23:42:38,562 autoreload 617 Watching for file changes with StatReloader
INFO 2021-01-25 23:44:52,307 autoreload 240 F:\文档\code\pythonCode\hippo\hippo_api\hippo_api\settings\dev.py changed, reloading.
INFO 2021-01-25 23:44:54,601 autoreload 617 Watching for file changes with StatReloader
INFO 2021-01-25 23:45:18,554 autoreload 240 F:\文档\code\pythonCode\hippo\hippo_api\hippo_api\settings\dev.py changed, reloading.
INFO 2021-01-25 23:45:21,088 autoreload 617 Watching for file changes with StatReloader
INFO 2021-01-25 23:47:22,354 autoreload 240 F:\文档\code\pythonCode\hippo\hippo_api\hippo_api\settings\dev.py changed, reloading.
INFO 2021-01-25 23:47:24,661 autoreload 617 Watching for file changes with StatReloader
INFO 2021-01-25 23:53:31,922 autoreload 240 F:\文档\code\pythonCode\hippo\hippo_api\hippo_api\settings\__init__.py changed, reloading.
INFO 2021-01-25 23:53:34,478 autoreload 617 Watching for file changes with StatReloader
INFO 2021-01-25 23:53:39,668 autoreload 240 F:\文档\code\pythonCode\hippo\hippo_api\hippo_api\settings\__init__.py changed, reloading.
INFO 2021-01-25 23:53:42,012 autoreload 617 Watching for file changes with StatReloader
INFO 2021-01-25 23:54:44,962 autoreload 240 F:\文档\code\pythonCode\hippo\hippo_api\hippo_api\settings\dev.py changed, reloading.
INFO 2021-01-25 23:54:46,964 autoreload 617 Watching for file changes with StatReloader
INFO 2021-01-25 23:55:56,865 autoreload 240 F:\文档\code\pythonCode\hippo\hippo_api\hippo_api\settings\dev.py changed, reloading.
INFO 2021-01-25 23:55:59,253 autoreload 617 Watching for file changes with StatReloader
INFO 2021-01-25 23:56:09,631 autoreload 240 F:\文档\code\pythonCode\hippo\hippo_api\hippo_api\settings\dev.py changed, reloading.
INFO 2021-01-25 23:56:14,669 autoreload 617 Watching for file changes with StatReloader
INFO 2021-01-25 23:56:25,923 basehttp 157 "GET / HTTP/1.1" 200 16351
INFO 2021-01-26 00:07:16,168 basehttp 157 "GET / HTTP/1.1" 200 16351
INFO 2021-01-26 00:07:29,014 basehttp 157 "GET /admin/ HTTP/1.1" 302 0
INFO 2021-01-26 00:07:29,075 basehttp 157 "GET /admin/login/?next=/admin/ HTTP/1.1" 200 2194
INFO 2021-01-26 00:07:33,856 basehttp 157 "POST /admin/login/?next=/admin/ HTTP/1.1" 302 0
INFO 2021-01-26 00:07:33,949 basehttp 157 "GET /admin/ HTTP/1.1" 200 3306
INFO 2021-01-26 00:07:34,013 basehttp 157 "GET /static/admin/css/dashboard.css HTTP/1.1" 200 380
INFO 2021-01-26 00:07:34,030 basehttp 157 "GET /static/admin/img/icon-addlink.svg HTTP/1.1" 200 331
INFO 2021-01-26 00:07:34,033 basehttp 157 "GET /static/admin/img/icon-changelink.svg HTTP/1.1" 200 380
INFO 2021-01-26 00:07:36,158 basehttp 157 "GET /admin/auth/group/add/ HTTP/1.1" 200 7598
INFO 2021-01-26 00:07:36,195 basehttp 157 "GET /static/admin/css/forms.css HTTP/1.1" 200 8423
INFO 2021-01-26 00:07:36,211 basehttp 157 "GET /static/admin/js/jquery.init.js HTTP/1.1" 200 347
INFO 2021-01-26 00:07:36,211 basehttp 157 "GET /static/admin/js/admin/RelatedObjectLookups.js HTTP/1.1" 200 6078
INFO 2021-01-26 00:07:36,212 basehttp 157 "GET /static/admin/js/core.js HTTP/1.1" 200 5418
INFO 2021-01-26 00:07:36,213 basehttp 157 "GET /static/admin/js/SelectBox.js HTTP/1.1" 200 4257
INFO 2021-01-26 00:07:36,217 basehttp 157 "GET /static/admin/js/vendor/jquery/jquery.js HTTP/1.1" 200 287630
INFO 2021-01-26 00:07:36,229 basehttp 157 "GET /static/admin/css/widgets.css HTTP/1.1" 200 10592
INFO 2021-01-26 00:07:36,230 basehttp 157 "GET /static/admin/js/actions.js HTTP/1.1" 200 6783
INFO 2021-01-26 00:07:36,236 basehttp 157 "GET /static/admin/js/prepopulate.js HTTP/1.1" 200 1531
INFO 2021-01-26 00:07:36,237 basehttp 157 "GET /static/admin/js/SelectFilter2.js HTTP/1.1" 200 12350
INFO 2021-01-26 00:07:36,240 basehttp 157 "GET /static/admin/js/urlify.js HTTP/1.1" 200 8632
INFO 2021-01-26 00:07:36,241 basehttp 157 "GET /admin/jsi18n/ HTTP/1.1" 200 3187
INFO 2021-01-26 00:07:36,242 basehttp 157 "GET /static/admin/js/prepopulate_init.js HTTP/1.1" 200 492
INFO 2021-01-26 00:07:36,246 basehttp 157 "GET /static/admin/js/vendor/xregexp/xregexp.js HTTP/1.1" 200 232381
INFO 2021-01-26 00:07:36,253 basehttp 157 "GET /static/admin/js/change_form.js HTTP/1.1" 200 606
INFO 2021-01-26 00:07:36,346 basehttp 157 "GET /static/admin/img/search.svg HTTP/1.1" 200 458
INFO 2021-01-26 00:07:36,347 basehttp 157 "GET /static/admin/img/icon-unknown.svg HTTP/1.1" 200 655
INFO 2021-01-26 00:07:36,349 basehttp 157 "GET /static/admin/img/icon-unknown-alt.svg HTTP/1.1" 200 655
INFO 2021-01-26 00:07:36,350 basehttp 157 "GET /static/admin/img/selector-icons.svg HTTP/1.1" 200 3291
INFO 2021-01-26 00:07:40,820 basehttp 157 "GET /admin/auth/user/add/ HTTP/1.1" 200 6855
INFO 2021-01-26 00:07:40,927 basehttp 157 "GET /admin/jsi18n/ HTTP/1.1" 200 3187
INFO 2021-01-26 00:07:44,341 basehttp 157 "GET /admin/auth/group/add/ HTTP/1.1" 200 7598
INFO 2021-01-26 00:07:44,503 basehttp 157 "GET /admin/jsi18n/ HTTP/1.1" 200 3187
INFO 2021-01-26 00:07:48,400 basehttp 157 "GET /admin/auth/user/add/ HTTP/1.1" 200 6855
INFO 2021-01-26 00:07:48,563 basehttp 157 "GET /admin/jsi18n/ HTTP/1.1" 200 3187
INFO 2021-01-26 00:07:51,132 basehttp 157 "GET /admin/auth/group/add/ HTTP/1.1" 200 7598
INFO 2021-01-26 00:07:51,204 basehttp 157 "GET /admin/jsi18n/ HTTP/1.1" 200 3187
INFO 2021-01-26 00:17:28,661 autoreload 240 F:\文档\code\pythonCode\hippo\hippo_api\hippo_api\apps\users\models.py changed, reloading.
INFO 2021-01-26 00:17:31,342 autoreload 617 Watching for file changes with StatReloader
INFO 2021-01-26 00:20:07,405 autoreload 617 Watching for file changes with StatReloader
INFO 2021-01-26 00:20:22,578 basehttp 157 "GET /admin/ HTTP/1.1" 302 0
INFO 2021-01-26 00:20:22,626 basehttp 157 "GET /admin/login/?next=/admin/ HTTP/1.1" 200 2194
INFO 2021-01-26 00:20:34,667 basehttp 157 "POST /admin/login/?next=/admin/ HTTP/1.1" 302 0
INFO 2021-01-26 00:20:34,820 basehttp 157 "GET /admin/ HTTP/1.1" 200 2902
INFO 2021-01-26 00:20:37,699 basehttp 157 "GET /admin/auth/group/add/ HTTP/1.1" 200 7388
INFO 2021-01-26 00:20:37,804 basehttp 157 "GET /admin/jsi18n/ HTTP/1.1" 200 3187
